build/app/outputs/mapping/release/seeds.txt
com.example.zxbig.MainActivity: MainActivity()
com.example.zxbig.MainActivity
...
com.pichillilorenzo.flutter_inappwebview.R$layout: int abc_alert_dialog_material
com.pichillilorenzo.flutter_inappwebview.R$dimen: int abc_dropdownitem_icon_width
com.pichillilorenzo.flutter_inappwebview.types.DownloadStartRequest: java.lang.String toString()
com.pichillilorenzo.flutter_inappwebview.types.WebMessageChannel: WebMessageChannel(java.lang.String,com.pichillilorenzo.flutter_inappwebview.types.InAppWebViewInterface)
com.google.android.exoplayer2.source.TrackGroup: android.os.Parcelable$Creator CREATOR
com.pichillilorenzo.flutter_inappwebview.types.URLRequest: byte[] body
com.pichillilorenzo.flutter_inappwebview.in_app_webview.InAppWebViewChromeClient: boolean onJsAlert(android.webkit.WebView,java.lang.String,java.lang.String,android.webkit.JsResult)
com.pichillilorenzo.flutter_inappwebview.R$animator: int fragment_fade_enter
androidx.lifecycle.EmptyActivityLifecycleCallbacks: void onActivityStopped(android.app.Activity)
com.pichillilorenzo.flutter_inappwebview.types.InAppWebViewInterface: java.util.HashMap getCopyBackForwardList()
com.pichillilorenzo.flutter_inappwebview.R$color: int button_material_dark
com.google.android.exoplayer2.decoder.Buffer: boolean isEndOfStream()
com.pichillilorenzo.flutter_inappwebview.R$dimen: int notification_media_narrow_margin
com.pichillilorenzo.flutter_inappwebview.types.URLRequest: void setMethod(java.lang.String)
androidx.lifecycle.Lifecycle$Event: androidx.lifecycle.Lifecycle$Event ON_STOP
com.pichillilorenzo.flutter_inappwebview.R$style: int Base_TextAppearance_AppCompat_Body2
com.pichillilorenzo.flutter_inappwebview.R$dimen: int disabled_alpha_material_light
com.pichillilorenzo.flutter_inappwebview.R$styleable: int AppCompatTheme_colorControlNormal
android.support.v4.graphics.drawable.IconCompatParcelizer: androidx.core.graphics.drawable.IconCompat read(androidx.versionedparcelable.VersionedParcel)
com.pichillilorenzo.flutter_inappwebview.types.URLProtectionSpace: void setSslCertificate(android.net.http.SslCertificate)
com.pichillilorenzo.flutter_inappwebview.types.UserScript: void setInjectionTime(com.pichillilorenzo.flutter_inappwebview.types.UserScriptInjectionTime)
com.pichillilorenzo.flutter_inappwebview.in_app_webview.InAppWebViewChromeClient$12: android.webkit.JsResult val$result
com.pichillilorenzo.flutter_inappwebview.R$style: int Base_Theme_AppCompat_Light_Dialog_FixedSize
com.pichillilorenzo.flutter_inappwebview.pull_to_refresh.PullToRefreshOptions: java.lang.Integer distanceToTriggerSync
com.pichillilorenzo.flutter_inappwebview.R$attr: int ratingBarStyle
com.pichillilorenzo.flutter_inappwebview.R$styleable: int Toolbar_subtitle
com.pichillilorenzo.flutter_inappwebview.in_app_webview.InAppWebViewChromeClient$11: android.webkit.JsPromptResult val$result
io.flutter.embedding.engine.FlutterJNI: void nativeSurfaceChanged(long,int,int)
androidx.browser.customtabs.CustomTabsCallback: int NAVIGATION_ABORTED
com.pichillilorenzo.flutter_inappwebview.R$style: int RtlOverlay_Widget_AppCompat_PopupMenuItem_Title
com.pichillilorenzo.flutter_inappwebview.FlutterWebViewFactory: FlutterWebViewFactory(com.pichillilorenzo.flutter_inappwebview.InAppWebViewFlutterPlugin)
com.pichillilorenzo.flutter_inappwebview.types.NavigationAction: NavigationAction(com.pichillilorenzo.flutter_inappwebview.types.URLRequest,boolean,boolean,boolean)
com.pichillilorenzo.flutter_inappwebview.R$dimen: int abc_edit_text_inset_bottom_material
androidx.appcompat.widget.DropDownListView: void setSelector(android.graphics.drawable.Drawable)
androidx.appcompat.widget.AppCompatSpinner: android.content.Context getPopupContext()
androidx.swiperefreshlayout.widget.SwipeRefreshLayout: float DRAG_RATE
androidx.vectordrawable.graphics.drawable.VectorDrawableCompat$VPath: void setPathData(androidx.core.graphics.PathParser$PathDataNode[])
com.pichillilorenzo.flutter_inappwebview.R$styleable: int AppCompatTheme_listPreferredItemPaddingRight