build/app/outputs/mapping/release/mapping.txt
# compiler: R8
# compiler_version: 2.1.62
# min_api: 17
# pg_map_id: e6fd06c
# common_typos_disable
...
com.google.android.exoplayer2.trackselection.AdaptiveTrackSelection$DefaultBandwidthProvider -> h.a.a.a.c2.d$c:
    long[][] allocationCheckpoints -> d
    com.google.android.exoplayer2.upstream.BandwidthMeter bandwidthMeter -> a
    float bandwidthFraction -> b
    long reservedBandwidth -> c
    long getAllocatedBandwidth() -> a
    void experimentalSetBandwidthAllocationCheckpoints(long[][]) -> b
com.google.android.exoplayer2.trackselection.AdaptiveTrackSelection$Factory -> h.a.a.a.c2.d$d:
    float bufferedFractionToLiveEdgeForQualityIncrease -> e
    float bandwidthFraction -> d
    int maxDurationForQualityDecreaseMs -> b
    int minDurationToRetainAfterDiscardMs -> c
    com.google.android.exoplayer2.util.Clock clock -> f
    int minDurationForQualityIncreaseMs -> a
    com.google.android.exoplayer2.trackselection.TrackSelection[] createTrackSelections(com.google.android.exoplayer2.trackselection.TrackSelection$Definition[],com.google.android.exoplayer2.upstream.BandwidthMeter) -> a
    com.google.android.exoplayer2.trackselection.AdaptiveTrackSelection createAdaptiveTrackSelection(com.google.android.exoplayer2.source.TrackGroup,com.google.android.exoplayer2.upstream.BandwidthMeter,int[],int) -> b
com.google.android.exoplayer2.trackselection.BaseTrackSelection -> h.a.a.a.c2.e:
    long[] excludeUntilTimes -> e
    int[] tracks -> c
    com.google.android.exoplayer2.source.TrackGroup group -> a
    int hashCode -> f
    int length -> b
    com.google.android.exoplayer2.Format[] formats -> d
    boolean blacklist(int,long) -> a
    boolean shouldCancelChunkLoad(long,com.google.android.exoplayer2.source.chunk.Chunk,java.util.List) -> b
    com.google.android.exoplayer2.Format getFormat(int) -> c
    void enable() -> d
    void disable() -> e
    int getIndexInTrackGroup(int) -> f
    int evaluateQueueSize(long,java.util.List) -> g
    int indexOf(com.google.android.exoplayer2.Format) -> h
    int getSelectedIndexInTrackGroup() -> j
    com.google.android.exoplayer2.source.TrackGroup getTrackGroup() -> k
    com.google.android.exoplayer2.Format getSelectedFormat() -> l
    void onPlaybackSpeed(float) -> o
    void onDiscontinuity() -> q
    int indexOf(int) -> r
    boolean isBlacklisted(int,long) -> s
    int lambda$new$0(com.google.android.exoplayer2.Format,com.google.android.exoplayer2.Format) -> t
com.google.android.exoplayer2.trackselection.DefaultTrackSelector -> h.a.a.a.c2.f:
    com.google.android.exoplayer2.trackselection.TrackSelection$Factory trackSelectionFactory -> b
    int[] NO_TRACKS -> e
    java.util.concurrent.atomic.AtomicReference parametersReference -> c
    com.google.common.collect.Ordering FORMAT_VALUE_ORDERING -> f
    com.google.common.collect.Ordering NO_ORDER -> g
    boolean allowMultipleAdaptiveSelections -> d
    com.google.android.exoplayer2.trackselection.TrackSelection$Definition[] selectAllTracks(com.google.android.exoplayer2.trackselection.MappingTrackSelector$MappedTrackInfo,int[][][],int[],com.google.android.exoplayer2.trackselection.DefaultTrackSelector$Parameters) -> A
    android.util.Pair selectAudioTrack(com.google.android.exoplayer2.source.TrackGroupArray,int[][],int,com.google.android.exoplayer2.trackselection.DefaultTrackSelector$Parameters,boolean) -> B
    com.google.android.exoplayer2.trackselection.TrackSelection$Definition selectFixedVideoTrack(com.google.android.exoplayer2.source.TrackGroupArray,int[][],com.google.android.exoplayer2.trackselection.DefaultTrackSelector$Parameters) -> C
    com.google.android.exoplayer2.trackselection.TrackSelection$Definition selectOtherTrack(int,com.google.android.exoplayer2.source.TrackGroupArray,int[][],com.google.android.exoplayer2.trackselection.DefaultTrackSelector$Parameters) -> D