build/app/outputs/mapping/release/usage.txt
com.example.zxbig.R$color
com.example.zxbig.R$anim
com.example.zxbig.R$style
com.example.zxbig.R$integer
com.example.zxbig.R$mipmap
com.example.zxbig.R$animator
com.example.zxbig.R$dimen
com.example.zxbig.R$id
com.example.zxbig.R$drawable
com.example.zxbig.R
com.example.zxbig.R$layout
com.example.zxbig.R$xml
com.example.zxbig.R$bool
com.example.zxbig.R$attr
com.example.zxbig.BuildConfig
com.example.zxbig.R$menu
com.example.zxbig.R$styleable
com.example.zxbig.R$interpolator
com.example.zxbig.R$string
...
androidx.versionedparcelable.ParcelField
com.google.android.exoplayer2.extractor.mp4.Mp4Extractor:
    public static final int FLAG_WORKAROUND_IGNORE_EDIT_LISTS
    private static final int STATE_READING_ATOM_HEADER
    private static final int STATE_READING_ATOM_PAYLOAD
    private static final int STATE_READING_SAMPLE
    private static final int BRAND_QUICKTIME
    private static final long RELOAD_MINIMUM_SEEK_DISTANCE
    private static final long MAXIMUM_READ_AHEAD_BYTES_STREAM
com.google.common.graph.Traverser$GraphTraverser
kotlin.time.AbstractDoubleClock$DoubleClockMark
com.google.common.cache.RemovalListeners$1
kotlin.internal.DynamicExtension
com.google.common.collect.Maps$NavigableKeySet
androidx.core.view.ViewCompat$Api31Impl:
    private void <init>()
androidx.appcompat.app.AlertDialog$Builder:
    public androidx.appcompat.app.AlertDialog$Builder setTitle(int)
    public androidx.appcompat.app.AlertDialog$Builder setMessage(int)
    public androidx.appcompat.app.AlertDialog$Builder setIcon(int)
    public androidx.appcompat.app.AlertDialog$Builder setIconAttribute(int)
    public androidx.appcompat.app.AlertDialog$Builder setPositiveButtonIcon(android.graphics.drawable.Drawable)
    public androidx.appcompat.app.AlertDialog$Builder setNegativeButtonIcon(android.graphics.drawable.Drawable)
    public androidx.appcompat.app.AlertDialog$Builder setNeutralButton(int,android.content.DialogInterface$OnClickListener)
    public androidx.appcompat.app.AlertDialog$Builder setNeutralButton(java.lang.CharSequence,android.content.DialogInterface$OnClickListener)
    public androidx.appcompat.app.AlertDialog$Builder setNeutralButtonIcon(android.graphics.drawable.Drawable)
    public androidx.appcompat.app.AlertDialog$Builder setCancelable(boolean)
    public androidx.appcompat.app.AlertDialog$Builder setOnDismissListener(android.content.DialogInterface$OnDismissListener)
    public androidx.appcompat.app.AlertDialog$Builder setItems(int,android.content.DialogInterface$OnClickListener)
    public androidx.appcompat.app.AlertDialog$Builder setItems(java.lang.CharSequence[],android.content.DialogInterface$OnClickListener)
androidx.core.provider.FontsContractCompat$FontRequestCallback:
    public static final int RESULT_OK
    static final int RESULT_SUCCESS
    public static final int FAIL_REASON_PROVIDER_NOT_FOUND
    public static final int FAIL_REASON_WRONG_CERTIFICATES
    public static final int FAIL_REASON_FONT_LOAD_ERROR
    public static final int FAIL_REASON_SECURITY_VIOLATION
    public static final int FAIL_REASON_FONT_NOT_FOUND
    public static final int FAIL_REASON_FONT_UNAVAILABLE
    public static final int FAIL_REASON_MALFORMED_QUERY
kotlin.jvm.internal.FunctionReferenceImpl
android.support.customtabs.trusted.ITrustedWebActivityService$Default
kotlin.UByteArray
com.google.common.hash.AbstractStreamingHasher
com.google.common.hash.FarmHashFingerprint64
com.google.common.graph.MapIteratorCache
androidx.core.view.MenuItemCompat$OnActionExpandListener
com.google.common.escape.CharEscaperBuilder
com.google.common.collect.Maps$FilteredEntryMap
androidx.loader.app.LoaderManagerImpl$LoaderObserver:
    void <init>(androidx.loader.content.Loader,androidx.loader.app.LoaderManager$LoaderCallbacks)
    public void onChanged(java.lang.Object)
    public java.lang.String toString()
    private final androidx.loader.content.Loader mLoader
    private final androidx.loader.app.LoaderManager$LoaderCallbacks mCallback
    private boolean mDeliveredData
com.google.common.base.Predicates$InPredicate
com.google.common.collect.Iterators$9
com.google.android.exoplayer2.video.VideoFrameReleaseTimeHelper$VSyncSampler:
    private static final int CREATE_CHOREOGRAPHER
    private static final int MSG_ADD_OBSERVER
    private static final int MSG_REMOVE_OBSERVER
com.google.common.primitives.Longs